<?xml version="1.0" encoding="UTF-8"?>
<!-- Generated by org.testng.reporters.JUnitReportReporter -->
<testsuite hostname="DESKTOP-1N0VLJU" failures="0" tests="10" name="MyTestCases" time="63.536" errors="0" timestamp="2024-11-22T13:33:49 EET" skipped="0">
  <testcase classname="MyTestCases" name="checkTheEinglishLanguageIsDefault" time="0.050"/>
  <system-out/>
  <testcase classname="MyTestCases" name="checkTheCurrencyIsSAR" time="0.042"/>
  <system-out/>
  <testcase classname="MyTestCases" name="checkTheCotactNumber" time="0.037"/>
  <system-out/>
  <testcase classname="MyTestCases" name="checkTheQitafLogoThereInTheFooter" time="0.040"/>
  <system-out/>
  <testcase classname="MyTestCases" name="checkHotelTabIsNotSelected" time="0.021"/>
  <system-out/>
  <testcase classname="MyTestCases" name="checkDepatureDate" time="0.018"/>
  <system-out/>
  <testcase classname="MyTestCases" name="checkReturnDate" time="0.017"/>
  <system-out/>
  <testcase classname="MyTestCases" name="randomlyChangeTheLanguage" time="5.590"/>
  <system-out/>
  <testcase classname="MyTestCases" name="checkThatThePageIsFullyLoaded" time="35.064"/>
  <system-out/>
  <testcase classname="MyTestCases" name="checkTheSortOption" time="22.657"/>
  <system-out/>
</testsuite> <!-- MyTestCases -->
