<?xml version="1.0" encoding="UTF-8"?>
<!-- Generated by org.testng.reporters.JUnitReportReporter -->
<testsuite hostname="DESKTOP-1N0VLJU" failures="0" tests="10" name="MyTestCases" time="62.526" errors="0" timestamp="2024-11-24T19:56:43 EET" skipped="0">
  <testcase classname="MyTestCases" name="checkTheEinglishLanguageIsDefault" time="3.484"/>
  <system-out/>
  <testcase classname="MyTestCases" name="checkTheCurrencyIsSAR" time="3.335"/>
  <system-out/>
  <testcase classname="MyTestCases" name="checkTheCotactNumber" time="3.302"/>
  <system-out/>
  <testcase classname="MyTestCases" name="checkTheQitafLogoThereInTheFooter" time="3.333"/>
  <system-out/>
  <testcase classname="MyTestCases" name="checkHotelTabIsNotSelected" time="3.306"/>
  <system-out/>
  <testcase classname="MyTestCases" name="checkDepatureDate" time="3.291"/>
  <system-out/>
  <testcase classname="MyTestCases" name="checkReturnDate" time="3.262"/>
  <system-out/>
  <testcase classname="MyTestCases" name="randomlyChangeTheLanguage" time="14.396"/>
  <system-out/>
  <testcase classname="MyTestCases" name="checkThatThePageIsFullyLoaded" time="22.081"/>
  <system-out/>
  <testcase classname="MyTestCases" name="checkTheSortOption" time="2.736"/>
  <system-out/>
</testsuite> <!-- MyTestCases -->
